c:\programmation\epistemotron\epistemotron\x64\debug\epistemotron.pch
c:\programmation\epistemotron\epistemotron\x64\debug\vc142.pdb
c:\programmation\epistemotron\epistemotron\x64\debug\vc142.idb
c:\programmation\epistemotron\epistemotron\x64\debug\pch.obj
c:\programmation\epistemotron\epistemotron\x64\debug\viewtree.obj
c:\programmation\epistemotron\epistemotron\x64\debug\universe.obj
c:\programmation\epistemotron\epistemotron\x64\debug\simulator.obj
c:\programmation\epistemotron\epistemotron\x64\debug\mass.obj
c:\programmation\epistemotron\epistemotron\x64\debug\environment.obj
c:\programmation\epistemotron\epistemotron\x64\debug\propertieswnd.obj
c:\programmation\epistemotron\epistemotron\x64\debug\outputwnd.obj
c:\programmation\epistemotron\epistemotron\x64\debug\mainfrm.obj
c:\programmation\epistemotron\epistemotron\x64\debug\fileview.obj
c:\programmation\epistemotron\epistemotron\x64\debug\epistemotronview.obj
c:\programmation\epistemotron\epistemotron\x64\debug\epistemotrondoc.obj
c:\programmation\epistemotron\epistemotron\x64\debug\epistemotron.obj
c:\programmation\epistemotron\epistemotron\x64\debug\classview.obj
c:\programmation\epistemotron\epistemotron\x64\debug\childfrm.obj
c:\programmation\epistemotron\x64\debug\epistemotron.ilk
c:\programmation\epistemotron\x64\debug\epistemotron.exe
c:\programmation\epistemotron\x64\debug\epistemotron.pdb
c:\programmation\epistemotron\epistemotron\x64\debug\epistemotron.res
c:\programmation\epistemotron\epistemotron\x64\debug\resource.res
c:\programmation\epistemotron\epistemotron\x64\debug\epistemotron.tlog\cl.command.1.tlog
c:\programmation\epistemotron\epistemotron\x64\debug\epistemotron.tlog\cl.read.1.tlog
c:\programmation\epistemotron\epistemotron\x64\debug\epistemotron.tlog\cl.write.1.tlog
c:\programmation\epistemotron\epistemotron\x64\debug\epistemotron.tlog\link.command.1.tlog
c:\programmation\epistemotron\epistemotron\x64\debug\epistemotron.tlog\link.read.1.tlog
c:\programmation\epistemotron\epistemotron\x64\debug\epistemotron.tlog\link.write.1.tlog
c:\programmation\epistemotron\epistemotron\x64\debug\epistemotron.tlog\rc.command.1.tlog
c:\programmation\epistemotron\epistemotron\x64\debug\epistemotron.tlog\rc.read.1.tlog
c:\programmation\epistemotron\epistemotron\x64\debug\epistemotron.tlog\rc.write.1.tlog
